
Cadence Innovus(TM) Implementation System.
Copyright 2017 Cadence Design Systems, Inc. All rights reserved worldwide.

Version:	v17.11-s080_1, built Fri Aug 4 11:13:11 PDT 2017
Options:	
Date:		Sat Feb 20 22:58:47 2021
Host:		localhost.localdomain (x86_64 w/Linux 3.10.0-957.5.1.el7.x86_64) (1core*2cpus*Westmere E56xx/L56xx/X56xx (Nehalem-C) 4096KB)
OS:		CentOS Linux release 7.6.1810 (Core) 

License:
		invs	Innovus Implementation System	17.1	checkout succeeded
		8 CPU jobs allowed with the current license(s). Use setMultiCpuUsage to set your required CPU count.
Change the soft stacksize limit to 0.2%RAM (31 mbytes). Set global soft_stack_size_limit to change the value.

**INFO:  MMMC transition support version v31-84 

<CMD> set_global _enable_mmmc_by_default_flow      $CTE::mmmc_default
<CMD> suppressMessage ENCEXT-2799
<CMD> getDrawView
<CMD> loadWorkspace -name Physical
<CMD> win
**ERROR: couldn't read file "/home/isa38/Desktop/RISCV/ADVANCED": no such file or directory
**ERROR: couldn't read file "/home/isa38/Desktop/RISCV/ADVANCED": no such file or directory
**ERROR: couldn't read file "/home/isa38/Desktop/RISCV/ADVANCED": no such file or directory
**ERROR: couldn't read file "/home/isa38/Desktop/RISCV/ADVANCED": no such file or directory
**ERROR: couldn't read file "/home/isa38/Desktop/RISCV/ADVANCED": no such file or directory
**ERROR: couldn't read file "/home/isa38/Desktop/RISCV/ADVANCED": no such file or directory
**ERROR: couldn't read file "/home/isa38/Desktop/RISCV/ADVANCED": no such file or directory
**ERROR: couldn't read file "/home/isa38/Desktop/RISCV/ADVANCED": no such file or directory
**ERROR: couldn't read file "/home/isa38/Desktop/RISCV/ADVANCED": no such file or directory
<CMD> set init_design_netlisttype verilog
<CMD> set init_design_settop 1
<CMD> set init_top_cell RiscV
<CMD> set init_verilog ../netlist/RiscV.v
<CMD> set init_lef_file /software/dk/nangate45/lef/NangateOpenCellLibrary.lef
<CMD> set init_gnd_net VSS
<CMD> set init_pwr_net VDD
<CMD> init_design
**ERROR: (IMPSYT-6284):	Failed to open file ../../ADVANCED for read.

Loading LEF file /software/dk/nangate45/lef/NangateOpenCellLibrary.lef ...
Set DBUPerIGU to M2 pitch 380.

viaInitial starts at Sat Feb 20 23:07:51 2021
viaInitial ends at Sat Feb 20 23:07:51 2021
Loading view definition file from ../../ADVANCED
*** End library_loading (cpu=0.00min, real=0.00min, mem=0.0M, fe_cpu=0.58min, fe_real=9.07min, fe_mem=503.1M) ***
#% Begin Load netlist data ... (date=02/20 23:07:51, mem=417.2M)
*** Begin netlist parsing (mem=503.1M) ***
Created 0 new cells from 0 timing libraries.
Reading netlist ...
Backslashed names will retain backslash and a trailing blank character.
Reading verilog netlist '../netlist/RiscV.v'

*** Memory Usage v#1 (Current mem = 508.051M, initial mem = 187.684M) ***
*** End netlist parsing (cpu=0:00:00.2, real=0:00:00.0, mem=508.1M) ***
#% End Load netlist data ... (date=02/20 23:07:52, total cpu=0:00:00.2, real=0:00:00.0, peak res=421.8M, current mem=421.8M)
Set top cell to RiscV.
Hooked 0 DB cells to tlib cells.
Starting recursive module instantiation check.
No recursion found.
Building hierarchical netlist for Cell RiscV ...
*** Netlist is unique.
** info: there are 135 modules.
** info: there are 7613 stdCell insts.

*** Memory Usage v#1 (Current mem = 517.715M, initial mem = 187.684M) ***
Generated pitch 1.68 in metal10 is different from 1.6 defined in technology file in preferred direction.
Generated pitch 0.84 in metal8 is different from 0.8 defined in technology file in preferred direction.
Generated pitch 0.84 in metal7 is different from 0.8 defined in technology file in preferred direction.
Set Default Net Delay as 1000 ps.
Set Default Net Load as 0.5 pF. 
Set Default Input Pin Transition as 0.1 ps.
**WARN: (IMPSYC-2):	Timing information is not defined for cell XOR2_X1; Check the timing library (.lib) file and make sure the timing information exists for the cell and you can run the checkTimingLibrary command to verify if the timing library has complete information after the design is loaded.
Type 'man IMPSYC-2' for more detail.
**WARN: (IMPSYC-2):	Timing information is not defined for cell XNOR2_X1; Check the timing library (.lib) file and make sure the timing information exists for the cell and you can run the checkTimingLibrary command to verify if the timing library has complete information after the design is loaded.
Type 'man IMPSYC-2' for more detail.
**WARN: (IMPSYC-2):	Timing information is not defined for cell SDFFR_X1; Check the timing library (.lib) file and make sure the timing information exists for the cell and you can run the checkTimingLibrary command to verify if the timing library has complete information after the design is loaded.
Type 'man IMPSYC-2' for more detail.
**WARN: (IMPSYC-2):	Timing information is not defined for cell OR4_X1; Check the timing library (.lib) file and make sure the timing information exists for the cell and you can run the checkTimingLibrary command to verify if the timing library has complete information after the design is loaded.
Type 'man IMPSYC-2' for more detail.
**WARN: (IMPSYC-2):	Timing information is not defined for cell OR3_X2; Check the timing library (.lib) file and make sure the timing information exists for the cell and you can run the checkTimingLibrary command to verify if the timing library has complete information after the design is loaded.
Type 'man IMPSYC-2' for more detail.
**WARN: (IMPSYC-2):	Timing information is not defined for cell OR3_X1; Check the timing library (.lib) file and make sure the timing information exists for the cell and you can run the checkTimingLibrary command to verify if the timing library has complete information after the design is loaded.
Type 'man IMPSYC-2' for more detail.
**WARN: (IMPSYC-2):	Timing information is not defined for cell OR2_X1; Check the timing library (.lib) file and make sure the timing information exists for the cell and you can run the checkTimingLibrary command to verify if the timing library has complete information after the design is loaded.
Type 'man IMPSYC-2' for more detail.
**WARN: (IMPSYC-2):	Timing information is not defined for cell OAI33_X1; Check the timing library (.lib) file and make sure the timing information exists for the cell and you can run the checkTimingLibrary command to verify if the timing library has complete information after the design is loaded.
Type 'man IMPSYC-2' for more detail.
**WARN: (IMPSYC-2):	Timing information is not defined for cell OAI22_X1; Check the timing library (.lib) file and make sure the timing information exists for the cell and you can run the checkTimingLibrary command to verify if the timing library has complete information after the design is loaded.
Type 'man IMPSYC-2' for more detail.
**WARN: (IMPSYC-2):	Timing information is not defined for cell OAI222_X1; Check the timing library (.lib) file and make sure the timing information exists for the cell and you can run the checkTimingLibrary command to verify if the timing library has complete information after the design is loaded.
Type 'man IMPSYC-2' for more detail.
**WARN: (IMPSYC-2):	Timing information is not defined for cell OAI221_X1; Check the timing library (.lib) file and make sure the timing information exists for the cell and you can run the checkTimingLibrary command to verify if the timing library has complete information after the design is loaded.
Type 'man IMPSYC-2' for more detail.
**WARN: (IMPSYC-2):	Timing information is not defined for cell OAI21_X1; Check the timing library (.lib) file and make sure the timing information exists for the cell and you can run the checkTimingLibrary command to verify if the timing library has complete information after the design is loaded.
Type 'man IMPSYC-2' for more detail.
**WARN: (IMPSYC-2):	Timing information is not defined for cell OAI211_X1; Check the timing library (.lib) file and make sure the timing information exists for the cell and you can run the checkTimingLibrary command to verify if the timing library has complete information after the design is loaded.
Type 'man IMPSYC-2' for more detail.
**WARN: (IMPSYC-2):	Timing information is not defined for cell NOR4_X1; Check the timing library (.lib) file and make sure the timing information exists for the cell and you can run the checkTimingLibrary command to verify if the timing library has complete information after the design is loaded.
Type 'man IMPSYC-2' for more detail.
**WARN: (IMPSYC-2):	Timing information is not defined for cell NOR3_X1; Check the timing library (.lib) file and make sure the timing information exists for the cell and you can run the checkTimingLibrary command to verify if the timing library has complete information after the design is loaded.
Type 'man IMPSYC-2' for more detail.
**WARN: (IMPSYC-2):	Timing information is not defined for cell NOR2_X1; Check the timing library (.lib) file and make sure the timing information exists for the cell and you can run the checkTimingLibrary command to verify if the timing library has complete information after the design is loaded.
Type 'man IMPSYC-2' for more detail.
**WARN: (IMPSYC-2):	Timing information is not defined for cell NAND4_X1; Check the timing library (.lib) file and make sure the timing information exists for the cell and you can run the checkTimingLibrary command to verify if the timing library has complete information after the design is loaded.
Type 'man IMPSYC-2' for more detail.
**WARN: (IMPSYC-2):	Timing information is not defined for cell NAND3_X1; Check the timing library (.lib) file and make sure the timing information exists for the cell and you can run the checkTimingLibrary command to verify if the timing library has complete information after the design is loaded.
Type 'man IMPSYC-2' for more detail.
**WARN: (IMPSYC-2):	Timing information is not defined for cell NAND2_X1; Check the timing library (.lib) file and make sure the timing information exists for the cell and you can run the checkTimingLibrary command to verify if the timing library has complete information after the design is loaded.
Type 'man IMPSYC-2' for more detail.
**WARN: (IMPSYC-2):	Timing information is not defined for cell MUX2_X1; Check the timing library (.lib) file and make sure the timing information exists for the cell and you can run the checkTimingLibrary command to verify if the timing library has complete information after the design is loaded.
Type 'man IMPSYC-2' for more detail.
**WARN: (EMS-27):	Message (IMPSYC-2) has exceeded the current message display limit of 20.
To increase the message display limit, refer to the product command reference manual.
**ERROR: **ERROR: (IMPSYT-7007):	clink executable was not found.


*** Memory Usage v#1 (Current mem = 629.051M, initial mem = 187.684M) ***
*** Message Summary: 39 warning(s), 3 error(s)

--- Ending "Innovus" (totcpu=0:00:37.2, real=0:09:28, mem=629.1M) ---
