*----------------------------------------------------------------------------------------
*	Innovus 17.11-s080_1 (64bit) 08/04/2017 11:13 (Linux 2.6.18-194.el5)
*	
*
* 	Date & Time:	2020-Nov-17 21:33:12 (2020-Nov-17 20:33:12 GMT)
*
*----------------------------------------------------------------------------------------
*
*	Design: IIR
*
*	Liberty Libraries used: 
*	        MyAnView: /home/isa38/Desktop/lab1/innovus/IIR.enc.dat/libs/mmmc/NangateOpenCellLibrary_typical_ecsm_nowlm.lib
*
*	Power Domain used: 
*		Rail:        VDD 	Voltage:        1.1 
*
*       Power View : MyAnView
*
*       User-Defined Activity : N.A.
*
*	Switching Activity File used: 
*	        ../vcd/design.vcd
*			Vcd Window used(Start Time, Stop Time):(1.068e-23, 1.068e-23) 
*                     Vcd Scale Factor: 1 
**                    Design annotation coverage: 737/737 = 100% 
*
*       Hierarchical Global Activity: N.A.
*
*       Global Activity: N.A.
*
*       Sequential Element Activity: N.A.
*
*       Primary Input Activity: 0.200000
*
*       Default icg ratio: N.A.
*
*       Global Comb ClockGate Ratio: N.A.
*
*	Power Units = 1mW
*
*	Time Units = 1e-09 secs 
*
*       Temperature = 25 
*
*       report_power -outfile ../vcd/IIR.rpt -rail_analysis_format VS
*
-----------------------------------------------------------------------------------------
Cell                            Internal   Switching       Total     Leakage   Cell
                                   Power       Power       Power       Power   Name
--------------------------------------------------------------------------------------
mult_166_U3                     0.008356    0.004887     0.01332   7.608e-05  FA_X1
mult_166_U4                     0.007928    0.004625     0.01263   7.773e-05  FA_X1
mult_166_U5                      0.00771    0.004458     0.01224   7.266e-05  FA_X1
mult_166_U6                     0.007357    0.004395     0.01183   7.542e-05  FA_X1
mult_166_U2                      0.00774     0.00389     0.01171   7.632e-05  FA_X1
mult_166_U31                    0.006734    0.004501     0.01131   7.889e-05  FA_X1
mult_166_U8                      0.00702    0.004002      0.0111   8.044e-05  FA_X1
mult_166_U7                      0.00679    0.004052     0.01091   7.251e-05  FA_X1
mult_166_U22                    0.005702    0.003744    0.009507   6.064e-05  FA_X1
mult_166_U19                    0.005121    0.003495      0.0087   8.364e-05  FA_X1
mult_166_U38                    0.005389    0.003175    0.008636   7.192e-05  FA_X1
mult_166_U44                    0.005065    0.003315    0.008462   8.174e-05  FA_X1
mult_166_U43                    0.005212    0.003051     0.00834    7.62e-05  FA_X1
mult_166_U37                    0.005648    0.002586    0.008308   7.384e-05  FA_X1
mult_166_U26                    0.004839    0.003321    0.008229   6.952e-05  FA_X1
add_170_U1_1                    0.005853    0.002257     0.00818    7.01e-05  FA_X1
mult_166_U27                     0.00505    0.002976    0.008091    6.49e-05  FA_X1
mult_166_U42                    0.005399    0.002561    0.008032   7.253e-05  FA_X1
mult_166_U17                    0.004769    0.003185    0.008023   6.857e-05  FA_X1
mult_166_U41                    0.004757    0.003152    0.007979   6.974e-05  FA_X1
add_163_U1_8                    0.002875    0.004977    0.007916   6.338e-05  FA_X1
mult_166_U32                    0.004954    0.002841    0.007862    6.68e-05  FA_X1
add_170_U1_2                    0.005828    0.001955    0.007855   7.132e-05  FA_X1
add_163_U1_3                    0.003427     0.00431    0.007803   6.567e-05  FA_X1
add_170_U1_3                    0.005561    0.001978    0.007611   7.178e-05  FA_X1
mult_166_U34                    0.004348    0.002854    0.007282   7.977e-05  FA_X1
mult_166_U23                    0.004491    0.002714    0.007276   7.102e-05  FA_X1
mult_166_U50                    0.004292     0.00291    0.007265   6.175e-05  FA_X1
mult_166_U29                    0.004127    0.003041    0.007239   7.138e-05  FA_X1
mult_166_U30                    0.004468    0.002652    0.007193   7.281e-05  FA_X1
add_163_U1_2                    0.002911    0.004184    0.007161   6.567e-05  FA_X1
add_170_U1_5                    0.005404    0.001667    0.007143   7.182e-05  FA_X1
U70                             0.001441    0.005534    0.007013   3.814e-05  XOR2_X1
mult_166_U33                    0.004243    0.002528    0.006839   6.812e-05  FA_X1
mult_166_U48                    0.004645    0.002128    0.006834   6.104e-05  FA_X1
add_170_U1_4                    0.005117    0.001627    0.006816   7.182e-05  FA_X1
mult_166_U53                    0.004009    0.002645    0.006716    6.29e-05  FA_X1
add_163_U1_4                    0.003301    0.003323    0.006688   6.398e-05  FA_X1
add_163_U1_6                    0.003039    0.003565    0.006669   6.398e-05  FA_X1
add_170_U1_6                    0.005014    0.001517    0.006603   7.182e-05  FA_X1
mult_166_U24                    0.003924    0.002524    0.006537    8.97e-05  FA_X1
mult_166_U25                    0.003794    0.002562    0.006422   6.598e-05  FA_X1
mult_166_U39                    0.003972    0.002365    0.006421   8.338e-05  FA_X1
add_163_U1_1                    0.002838    0.003475    0.006381   6.832e-05  FA_X1
mult_166_U18                    0.003599     0.00222    0.005901   8.147e-05  FA_X1
add_163_U1_7                    0.003136    0.002281    0.005481   6.398e-05  FA_X1
mult_166_U28                    0.003474    0.001921    0.005469    7.42e-05  FA_X1
add_170_U1_7                    0.004391   0.0007833    0.005247   7.182e-05  FA_X1
add_163_U1_5                    0.002833    0.002328    0.005224   6.398e-05  FA_X1
mult_166_U51                    0.003071    0.002043    0.005169   5.567e-05  HA_X1
mult_166_U146                  0.0006045     0.00452    0.005138   1.342e-05  INV_X1
mult_166_U144                  0.0005603    0.004344    0.004919   1.426e-05  INV_X1
mult_166_U16                    0.002727    0.001888    0.004709   9.406e-05  FA_X1
mult_166_U20                    0.002994     0.00152    0.004595   8.179e-05  FA_X1
mult_166_U145                  0.0005676    0.003988    0.004569   1.288e-05  INV_X1
mult_166_U147                  0.0005279     0.00395    0.004491   1.342e-05  INV_X1
mult_166_U21                    0.002774    0.001569     0.00442   7.714e-05  FA_X1
mult_148_U5                     0.002423    0.001886    0.004379   6.946e-05  FA_X1
mult_166_U171                   0.002357    0.001941    0.004331   3.267e-05  XNOR2_X1
mult_166_U149                  0.0006089    0.003678      0.0043   1.342e-05  INV_X1
mult_166_U150                  0.0005935    0.003641    0.004247   1.225e-05  INV_X1
mult_166_U151                    0.00059    0.003572    0.004176    1.46e-05  INV_X1
add_170_U1                      0.003201   0.0009378    0.004173   3.466e-05  XOR2_X1
mult_148_U3                     0.002768    0.001158    0.004001   7.445e-05  FA_X1
mult_166_U57                    0.002606    0.001293    0.003953   5.355e-05  HA_X1
mult_166_U35                     0.00226    0.001593    0.003908   5.568e-05  FA_X1
mult_148_U4                     0.002645    0.001082    0.003805   7.806e-05  FA_X1
U148                             0.00135    0.002359    0.003745   3.534e-05  XOR2_X1
mult_148_U2                     0.002725   0.0009141    0.003715   7.637e-05  FA_X1
mult_166_U163                   0.002262    0.001343    0.003659   5.396e-05  OAI222_X1
mult_166_U153                   0.001064    0.002501     0.00358   1.487e-05  INV_X1
mult_166_U175                  0.0009314    0.002438    0.003391   2.151e-05  NAND2_X1
mult_156_U3                     0.001983    0.001207    0.003266   7.611e-05  FA_X1
mult_166_U56                    0.002504   0.0006782    0.003238   5.556e-05  HA_X1
mult_166_U40                    0.001757    0.001397    0.003206   5.276e-05  FA_X1
mult_166_U45                    0.002093    0.001027    0.003175   5.444e-05  FA_X1
mult_166_U166                   0.001834    0.001306    0.003171   3.161e-05  AOI222_X1
mult_166_U49                    0.001973    0.001126    0.003151    5.14e-05  FA_X1
mult_156_U4                     0.001848    0.001217    0.003143   7.776e-05  FA_X1
mult_166_U54                    0.001971    0.001112    0.003129   4.581e-05  HA_X1
mult_166_U152                  0.0004595    0.002491    0.002963   1.296e-05  INV_X1
mult_166_U164                   0.001551    0.001261    0.002839   2.681e-05  AOI222_X1
mult_166_U143                  0.0008529    0.001917    0.002783    1.34e-05  INV_X1
mult_156_U2                     0.001759   0.0009152    0.002751    7.64e-05  FA_X1
mult_156_U5                     0.001631       0.001    0.002704   7.282e-05  FA_X1
mult_166_U174                  0.0009653    0.001717    0.002699   1.695e-05  NAND2_X1
U153                            0.001481    0.001153    0.002671   3.749e-05  XOR2_X1
mult_156_U146                  0.0002377     0.00241    0.002663   1.491e-05  INV_X1
mult_166_U55                    0.001958   0.0006408    0.002659   6.052e-05  FA_X1
mult_166_U167                   0.001506    0.001093    0.002659   5.936e-05  OAI222_X1
mult_166_U52                    0.001617   0.0009865    0.002658   5.463e-05  FA_X1
add_170_U2                      0.001501     0.00113    0.002656   2.456e-05  AND2_X1
mult_166_U141                  0.0007479    0.001849    0.002612   1.502e-05  INV_X1
mult_166_U210                    0.00102    0.001507    0.002544   1.793e-05  NOR2_X1
mult_166_U191                  0.0009714    0.001511      0.0025   1.742e-05  NOR2_X1
mult_166_U178                    0.00102    0.001456    0.002494   1.793e-05  NOR2_X1
mult_166_U181                  0.0009262    0.001545     0.00249   1.858e-05  NAND2_X1
mult_166_U173                  0.0009431    0.001531    0.002486   1.239e-05  NAND2_X1
mult_166_U193                    0.00102    0.001436    0.002474   1.793e-05  NOR2_X1
DOUT_reg_1_                     0.002084   0.0002992    0.002471   8.818e-05  DFFR_X1
DOUT_reg_4_                      0.00207   0.0003108    0.002469   8.822e-05  DFFR_X1
mult_166_U197                  0.0009267    0.001507    0.002452   1.858e-05  NAND2_X1
mult_166_U172                  0.0007302    0.001643    0.002399   2.517e-05  NAND2_X1
mult_166_U142                  0.0006744    0.001687    0.002376   1.487e-05  INV_X1
DOUT_reg_2_                     0.002031   0.0002528    0.002372    8.82e-05  DFFR_X1
DOUT_reg_0_                     0.002021   0.0002465    0.002355   8.821e-05  DFFR_X1
DOUT_reg_3_                      0.00204   0.0002263    0.002355   8.821e-05  DFFR_X1
mult_166_U177                  0.0009675    0.001366    0.002352   1.844e-05  NOR2_X1
mult_166_U216                  0.0006702    0.001646    0.002336   1.925e-05  NOR2_X1
mult_166_U214                  0.0009284    0.001388    0.002335   1.858e-05  NAND2_X1
mult_166_U176                  0.0009708    0.001329    0.002317   1.742e-05  NOR2_X1
mult_166_U222                  0.0009288    0.001361    0.002309   1.858e-05  NAND2_X1
mult_166_U220                   0.000717    0.001541    0.002278   1.934e-05  NOR2_X1
U151                              0.0013   0.0009426    0.002277   3.407e-05  XOR2_X1
U149                            0.001285   0.0009468    0.002266   3.407e-05  XOR2_X1
sw_reg_2_                       0.001878   0.0002912    0.002257   8.791e-05  DFFR_X1
mult_166_U190                  0.0009461    0.001274    0.002237    1.77e-05  NOR2_X1
mult_166_U219                  0.0008969    0.001318    0.002233   1.793e-05  NOR2_X1
sw_reg_6_                       0.001761   0.0003698    0.002219   8.816e-05  DFFR_X1
mult_166_U211                  0.0008969    0.001304    0.002219   1.793e-05  NOR2_X1
mult_166_U179                  0.0008969    0.001268    0.002183   1.793e-05  NOR2_X1
mult_166_U218                   0.001022    0.001124    0.002164   1.793e-05  NOR2_X1
sw_reg_5_                       0.001769   0.0003007    0.002158   8.815e-05  DFFR_X1
mult_166_U195                  0.0007169    0.001414     0.00215   1.934e-05  NOR2_X1
mult_166_U217                   0.000692    0.001438    0.002149   1.915e-05  NOR2_X1
mult_166_U212                  0.0007169    0.001406    0.002143   1.934e-05  NOR2_X1
mult_166_U168                   0.001248   0.0008434    0.002109   1.712e-05  AOI222_X1
sw_reg_1_                       0.001798    0.000222    0.002108   8.807e-05  DFFR_X1
mult_166_U196                   0.000674    0.001401    0.002094   1.947e-05  NOR2_X1
mult_166_U213                   0.000674    0.001392    0.002086   1.947e-05  NOR2_X1
mult_148_U26                    0.001249   0.0007612    0.002084    7.39e-05  FA_X1
mult_166_U192                   0.000968    0.001095    0.002082   1.844e-05  NOR2_X1
DOUT_reg_5_                     0.001942   4.127e-05    0.002071   8.822e-05  DFFR_X1
mult_166_U209                  0.0009681     0.00108    0.002066   1.844e-05  NOR2_X1
sw_reg_3_                       0.001643     0.00033    0.002061   8.825e-05  DFFR_X1
mult_166_U180                  0.0006741    0.001363    0.002056   1.947e-05  NOR2_X1
mult_166_U165                  0.0008934    0.001078    0.002044   7.207e-05  OAI222_X1
DOUT_reg_7_                     0.001885   3.884e-05    0.002012   8.822e-05  DFFR_X1
mult_166_U221                  0.0006743    0.001301    0.001995   1.947e-05  NOR2_X1
DOUT_reg_6_                     0.001852   3.987e-05     0.00198   8.822e-05  DFFR_X1
mult_166_U194                  0.0008977    0.001047    0.001962   1.793e-05  NOR2_X1
mult_148_U31                    0.001181    0.000712     0.00196   6.654e-05  FA_X1
mult_166_U208                   0.000671    0.001266    0.001957   1.925e-05  NOR2_X1
mult_166_U148                  0.0005711    0.001342    0.001928   1.411e-05  INV_X1
sw_reg_0_                         0.0016   0.0001882    0.001876   8.809e-05  DFFR_X1
mult_166_U139                  0.0005687    0.001247     0.00183    1.46e-05  INV_X1
mult_166_U138                  0.0005501     0.00126    0.001823   1.288e-05  INV_X1
mult_148_U39                    0.001019   0.0006922    0.001787   7.596e-05  FA_X1
sw_reg_4_                       0.001577   8.131e-05    0.001746   8.816e-05  DFFR_X1
sw_reg_8_                       0.001457   0.0001979    0.001743    8.82e-05  DFFR_X1
mult_148_U37                    0.001129    0.000519    0.001722   7.413e-05  FA_X1
mult_166_U169                  0.0007129   0.0009777    0.001708   1.773e-05  NOR2_X1
sw_reg_7_                       0.001489   8.469e-05    0.001662   8.822e-05  DFFR_X1
mult_148_U32                   0.0009459   0.0006228    0.001639   7.016e-05  FA_X1
mult_148_U19                    0.000894   0.0006037    0.001574   7.636e-05  FA_X1
mult_166_U207                  0.0005198    0.001015    0.001555   1.927e-05  NOR2_X1
mult_148_U42                   0.0009572   0.0004567    0.001485    7.16e-05  FA_X1
mult_166_U215                    0.00052   0.0009192    0.001459   1.927e-05  NOR2_X1
mult_148_U17                   0.0008138   0.0005564    0.001434   6.431e-05  FA_X1
U72                            0.0003721   0.0009943     0.00138   1.392e-05  INV_X1
mult_156_U31                   0.0007746   0.0004702    0.001324   7.888e-05  FA_X1
mult_148_U171                  0.0008195   0.0004364    0.001311   5.531e-05  AOI222_X1
mult_148_U20                    0.000805   0.0003967    0.001274   7.226e-05  FA_X1
U152                           0.0006631   0.0005845    0.001273   2.547e-05  AND2_X1
mult_148_U22                    0.000735   0.0004715    0.001268   6.127e-05  FA_X1
U150                           0.0006172   0.0006202    0.001263   2.565e-05  AND2_X1
U65                            0.0003831   0.0008524    0.001249   1.392e-05  INV_X1
U66                            0.0003799   0.0008527    0.001247   1.392e-05  INV_X1
mult_156_U37                   0.0008092   0.0003572     0.00124    7.39e-05  FA_X1
FE_DBTC2_sw_5                  7.307e-05    0.001136    0.001222   1.342e-05  INV_X1
mult_148_U43                   0.0007014   0.0004436    0.001217   7.179e-05  FA_X1
x_reg_5_                       0.0009149   0.0002038    0.001207   8.822e-05  DFFR_X1
U64                            0.0003629   0.0008287    0.001205   1.392e-05  INV_X1
x_reg_2_                       0.0009143   0.0001886    0.001191   8.822e-05  DFFR_X1
x_reg_1_                       0.0009142   0.0001846    0.001187   8.822e-05  DFFR_X1
x_reg_0_                       0.0009142   0.0001835    0.001186   8.822e-05  DFFR_X1
x_reg_6_                       0.0008833   0.0001814    0.001153   8.822e-05  DFFR_X1
mult_156_U42                   0.0007093   0.0003517    0.001134    7.27e-05  FA_X1
x_reg_3_                       0.0008522   0.0001717    0.001112   8.822e-05  DFFR_X1
x_reg_4_                       0.0008518   0.0001611    0.001101   8.822e-05  DFFR_X1
x_reg_8_                       0.0008419   0.0001709    0.001101   8.822e-05  DFFR_X1
x_reg_7_                       0.0008417   0.0001665    0.001096   8.822e-05  DFFR_X1
mult_148_U28                   0.0006082   0.0004189    0.001095   6.785e-05  FA_X1
mult_156_U43                   0.0005839   0.0004051    0.001065   7.628e-05  FA_X1
mult_148_U23                   0.0006337   0.0003653    0.001064   6.497e-05  FA_X1
mult_148_U172                   0.000643   0.0003049    0.000999   5.109e-05  AOI222_X1
FE_DBTC6_sw_1                  5.902e-05   0.0009128   0.0009847   1.287e-05  INV_X1
mult_148_U27                   0.0005715   0.0003297   0.0009705    6.93e-05  FA_X1
mult_156_U26                   0.0005496   0.0003435   0.0009626   6.947e-05  FA_X1
mult_156_U22                   0.0005361   0.0003476   0.0009444   6.064e-05  FA_X1
mult_148_U138                  0.0003634    0.000562   0.0009401   1.479e-05  INV_X1
mult_148_U55                   0.0006235   0.0002431   0.0009348   6.825e-05  FA_X1
mult_156_U17                   0.0005093   0.0003538   0.0009316   6.848e-05  FA_X1
mult_156_U39                   0.0004918    0.000343    0.000918   8.325e-05  FA_X1
U147                           0.0005152   0.0003774   0.0009174   2.483e-05  AND2_X1
mult_148_U148                  0.0003375   0.0005619   0.0009129    1.35e-05  INV_X1
mult_148_U173                  0.0006053   0.0002401    0.000896   5.054e-05  AOI222_X1
mult_156_U23                   0.0005146    0.000306   0.0008914   7.083e-05  FA_X1
mult_148_U35                   0.0004822   0.0003405   0.0008841   6.137e-05  FA_X1
mult_148_U25                   0.0004807   0.0003397   0.0008826   6.216e-05  FA_X1
mult_148_U174                  0.0004546   0.0003679   0.0008718   4.939e-05  OAI222_X1
mult_156_U19                   0.0004632     0.00032   0.0008667    8.35e-05  FA_X1
FE_DBTC1_sw_6                  5.571e-05   0.0007884   0.0008575   1.338e-05  INV_X1
mult_148_U143                  0.0002684   0.0005403    0.000823    1.43e-05  INV_X1
mult_156_U171                  0.0005345   0.0002255   0.0008084   4.837e-05  AOI222_X1
a1_s_reg_6_                    0.0007084   5.544e-06   0.0008051   9.117e-05  DFFR_X1
a1_s_reg_2_                    0.0007181           0   0.0008043   8.613e-05  DFFR_X1
b0_s_reg_3_                    0.0007181           0   0.0008043   8.613e-05  DFFR_X1
b0_s_reg_1_                    0.0007181           0   0.0008043   8.613e-05  DFFR_X1
b0_s_reg_6_                    0.0007181           0   0.0008043   8.613e-05  DFFR_X1
a1_s_reg_4_                    0.0007181           0   0.0008043   8.613e-05  DFFR_X1
b1_s_reg_6_                    0.0007181           0   0.0008043   8.613e-05  DFFR_X1
b1_s_reg_1_                    0.0007181           0   0.0008043   8.613e-05  DFFR_X1
b1_s_reg_3_                    0.0007181           0   0.0008043   8.613e-05  DFFR_X1
b1_s_reg_4_                    0.0007083   2.512e-06    0.000802   9.117e-05  DFFR_X1
a1_s_reg_5_                    0.0007083   2.491e-06    0.000802   9.117e-05  DFFR_X1
b0_s_reg_5_                    0.0007083    2.37e-06   0.0008019   9.117e-05  DFFR_X1
b0_s_reg_4_                    0.0007083   2.322e-06   0.0008018   9.117e-05  DFFR_X1
b0_s_reg_0_                    0.0007083   2.264e-06   0.0008018   9.117e-05  DFFR_X1
b1_s_reg_5_                    0.0007083   2.242e-06   0.0008018   9.117e-05  DFFR_X1
a1_s_reg_0_                    0.0007083   2.201e-06   0.0008017   9.117e-05  DFFR_X1
b1_s_reg_0_                    0.0007083   2.193e-06   0.0008017   9.117e-05  DFFR_X1
a1_s_reg_1_                    0.0007083   1.792e-06   0.0008013   9.117e-05  DFFR_X1
a1_s_reg_3_                    0.0007083   1.764e-06   0.0008013   9.117e-05  DFFR_X1
b1_s_reg_2_                    0.0007083   1.686e-06   0.0008012   9.117e-05  DFFR_X1
b0_s_reg_2_                    0.0007083   1.673e-06   0.0008012   9.117e-05  DFFR_X1
vout1_reg                       0.000705   3.727e-07   0.0007966   9.117e-05  DFFR_X1
mult_156_U50                   0.0004201   0.0003107   0.0007925    6.17e-05  FA_X1
VOUT_reg                       0.0006938   1.384e-06   0.0007863    9.11e-05  DFFR_X1
mult_148_U48                   0.0004925   0.0002176   0.0007741   6.402e-05  FA_X1
U71                            0.0003462   0.0004047    0.000769   1.809e-05  NAND2_X1
mult_156_U173                  0.0005207   0.0001942   0.0007689   5.398e-05  AOI222_X1
mult_156_U27                    0.000437   0.0002373   0.0007394   6.499e-05  FA_X1
mult_156_U38                   0.0004045   0.0002516   0.0007278    7.18e-05  FA_X1
mult_148_U33                   0.0004134   0.0002476   0.0007271   6.606e-05  FA_X1
mult_148_U18                   0.0003863   0.0002481   0.0007231   8.869e-05  FA_X1
mult_156_U34                   0.0003925   0.0002468   0.0007191   7.981e-05  FA_X1
FE_DBTC7_sw_0                  4.944e-05   0.0006316    0.000694   1.296e-05  INV_X1
mult_148_U144                  0.0002247   0.0004461   0.0006852    1.43e-05  INV_X1
mult_148_U45                   0.0004059   0.0002088   0.0006841   6.943e-05  FA_X1
mult_148_U41                   0.0003904   0.0002245   0.0006801   6.527e-05  FA_X1
FE_DBTC5_sw_2                  4.679e-05   0.0006205   0.0006795   1.224e-05  INV_X1
mult_156_U25                   0.0003535   0.0002477   0.0006671   6.584e-05  FA_X1
FE_DBTC4_sw_3                  4.637e-05   0.0006021    0.000663   1.455e-05  INV_X1
mult_148_U175                  0.0003701   0.0002448   0.0006562   4.131e-05  AOI222_X1
mult_148_U29                   0.0003578   0.0002336   0.0006533   6.197e-05  FA_X1
mult_156_U172                  0.0004212   0.0001809   0.0006461   4.404e-05  AOI222_X1
mult_156_U21                   0.0003568   0.0002063     0.00064   7.693e-05  FA_X1
mult_156_U30                   0.0003527   0.0002074   0.0006327   7.265e-05  FA_X1
mult_156_U41                   0.0003465   0.0002102   0.0006263   6.959e-05  FA_X1
mult_156_U44                   0.0003277   0.0002166    0.000626   8.159e-05  FA_X1
mult_148_U21                   0.0003536   0.0002056   0.0006223   6.316e-05  FA_X1
mult_156_U147                  0.0002034   0.0003867   0.0006044   1.422e-05  INV_X1
mult_148_U49                   0.0003455   0.0001947   0.0006002   6.002e-05  FA_X1
mult_148_U52                    0.000359   0.0001787   0.0005954   5.774e-05  FA_X1
mult_156_U33                   0.0003222   0.0001961   0.0005865   6.813e-05  FA_X1
mult_156_U32                   0.0002934   0.0002178   0.0005779   6.665e-05  FA_X1
mult_156_U53                   0.0003207   0.0001939   0.0005774   6.276e-05  FA_X1
mult_156_U24                   0.0002873   0.0001919   0.0005689   8.978e-05  FA_X1
mult_156_U28                   0.0002892   0.0001986    0.000562    7.42e-05  FA_X1
mult_148_U34                   0.0002884   0.0001887   0.0005467    6.96e-05  FA_X1
mult_156_U174                  0.0002946   0.0001966    0.000545   5.376e-05  OAI222_X1
mult_156_U143                  0.0001808   0.0003479   0.0005426    1.38e-05  INV_X1
mult_148_U50                   0.0002791   0.0001971   0.0005391   6.288e-05  FA_X1
mult_148_U140                  0.0001566   0.0003623   0.0005346   1.567e-05  INV_X1
mult_148_U38                   0.0003008   0.0001763   0.0005335   5.639e-05  FA_X1
mult_156_U48                   0.0003424   0.0001218   0.0005251   6.094e-05  FA_X1
mult_148_U40                   0.0002834   0.0001657   0.0005149   6.574e-05  FA_X1
mult_156_U142                  0.0001577    0.000327   0.0004992   1.455e-05  INV_X1
mult_148_U54                   0.0002689   0.0001673   0.0004918   5.555e-05  HA_X1
mult_156_U51                   0.0002715   0.0001603   0.0004875   5.565e-05  HA_X1
mult_156_U40                   0.0002446   0.0001824   0.0004797   5.276e-05  FA_X1
mult_148_U24                   0.0002289   0.0001458   0.0004643   8.951e-05  FA_X1
mult_156_U141                  0.0001278   0.0002858    0.000427    1.34e-05  INV_X1
mult_148_U166                  0.0002464   0.0001448   0.0004233   3.212e-05  XNOR2_X1
mult_156_U20                   0.0002176   0.0001121   0.0004115   8.178e-05  FA_X1
mult_148_U146                  0.0001208   0.0002762   0.0004115   1.455e-05  INV_X1
mult_156_U54                   0.0002295   0.0001293   0.0004046   4.582e-05  HA_X1
mult_156_U45                   0.0002226   0.0001148   0.0003919   5.443e-05  FA_X1
mult_156_U56                    0.000266   6.896e-05   0.0003905   5.555e-05  HA_X1
mult_148_U16                   0.0001797   0.0001203   0.0003809   8.084e-05  FA_X1
mult_148_U139                  0.0001095   0.0002568   0.0003794   1.315e-05  INV_X1
mult_148_U44                   0.0001883   0.0001269   0.0003761     6.1e-05  FA_X1
mult_156_U57                   0.0002129   0.0001072   0.0003736   5.354e-05  HA_X1
mult_148_U51                   0.0002289   9.587e-05   0.0003706   4.582e-05  HA_X1
FE_DBTC0_sw_7                  2.017e-05   0.0003348   0.0003692   1.422e-05  INV_X1
FE_DBTC3_sw_4                  2.016e-05   0.0003249   0.0003584   1.338e-05  INV_X1
mult_156_U52                   0.0001881    0.000113   0.0003557   5.462e-05  FA_X1
mult_156_U18                   0.0001588   0.0001101   0.0003504   8.151e-05  FA_X1
mult_156_U217                  0.0001355   0.0001909   0.0003443   1.793e-05  NOR2_X1
mult_148_U53                   0.0001721   0.0001101   0.0003438   6.162e-05  FA_X1
mult_148_U30                   0.0001734   0.0001045   0.0003412   6.321e-05  FA_X1
mult_148_U225                  0.0001356   0.0001872   0.0003407   1.793e-05  NOR2_X1
mult_156_U225                  0.0001356   0.0001867   0.0003402   1.793e-05  NOR2_X1
mult_148_U57                   0.0001628   0.0001234   0.0003396   5.342e-05  HA_X1
mult_148_U56                   0.0002282    6.07e-05   0.0003347   4.582e-05  HA_X1
mult_156_U185                  0.0001357   0.0001777   0.0003314   1.793e-05  NOR2_X1
mult_148_U185                  0.0001358   0.0001771   0.0003308   1.793e-05  NOR2_X1
mult_156_U140                  9.528e-05   0.0002198     0.00033   1.491e-05  INV_X1
mult_156_U178                  0.0001465   0.0001201   0.0003261   5.952e-05  OAI222_X1
mult_148_U192                  0.0001359   0.0001719   0.0003256   1.793e-05  NOR2_X1
mult_156_U29                   0.0001491   0.0001005   0.0003208   7.127e-05  FA_X1
mult_148_U234                  9.118e-05   0.0001898   0.0003103   2.932e-05  NAND2_X1
mult_156_U49                    0.000165   9.178e-05   0.0003082    5.14e-05  FA_X1
mult_156_U166                  0.0001591    0.000113   0.0003058   3.366e-05  XNOR2_X1
mult_148_U178                  0.0001308   0.0001081    0.000304   6.508e-05  OAI222_X1
mult_148_U209                  9.887e-05   0.0001835   0.0003017   1.934e-05  NOR2_X1
mult_156_U175                  0.0001435    0.000131   0.0003013   2.681e-05  AOI222_X1
mult_156_U16                    0.000122   8.482e-05   0.0003009   9.415e-05  FA_X1
mult_156_U200                  0.0001368   0.0001349   0.0002897   1.793e-05  NOR2_X1
mult_156_U170                   5.98e-05   0.0001953    0.000286   3.096e-05  NAND2_X1
mult_156_U222                    0.00011   0.0001568   0.0002846    1.77e-05  NOR2_X1
mult_148_U222                  0.0001101   0.0001553   0.0002831    1.77e-05  NOR2_X1
mult_156_U177                  0.0001438   0.0001039   0.0002792   3.148e-05  AOI222_X1
mult_156_U167                    8.9e-05   0.0001647   0.0002789   2.523e-05  NAND2_X1
mult_156_U55                    0.000159   5.889e-05   0.0002783   6.041e-05  FA_X1
mult_156_U139                  7.979e-05    0.000175   0.0002698   1.497e-05  INV_X1
mult_148_U176                  0.0001151   8.657e-05   0.0002684   6.667e-05  OAI222_X1
mult_156_U214                  0.0001104   0.0001388   0.0002669    1.77e-05  NOR2_X1
mult_156_U196                  0.0001104   0.0001359   0.0002641    1.77e-05  NOR2_X1
mult_148_U170                  5.977e-05   0.0001696   0.0002603   3.096e-05  NAND2_X1
mult_148_U142                  7.555e-05   0.0001691   0.0002588   1.413e-05  INV_X1
mult_148_U169                   8.93e-05   0.0001522   0.0002583   1.679e-05  NAND2_X1
mult_148_U188                  0.0001106   0.0001292   0.0002575    1.77e-05  NOR2_X1
mult_156_U176                   8.64e-05   9.797e-05   0.0002565   7.217e-05  OAI222_X1
mult_156_U169                  8.929e-05   0.0001499    0.000256   1.679e-05  NAND2_X1
mult_148_U230                  7.331e-05    0.000148   0.0002498   2.853e-05  NAND2_X1
mult_148_U167                  6.939e-05   0.0001465   0.0002483   3.242e-05  NAND2_X1
mult_148_U229                  6.204e-05    0.000151   0.0002417   2.865e-05  NAND2_X1
mult_156_U226                  7.239e-05   0.0001496   0.0002413   1.933e-05  NOR2_X1
mult_148_U226                   7.24e-05    0.000149   0.0002408   1.933e-05  NOR2_X1
mult_148_U205                  8.006e-05   0.0001398   0.0002391   1.925e-05  NOR2_X1
mult_148_U193                   7.25e-05   0.0001449   0.0002367   1.933e-05  NOR2_X1
mult_148_U210                  7.265e-05   0.0001382   0.0002302   1.933e-05  NOR2_X1
mult_156_U168                  5.977e-05    0.000142   0.0002294   2.762e-05  NAND2_X1
mult_156_U179                  0.0001251   8.595e-05   0.0002282    1.71e-05  AOI222_X1
mult_156_U201                  7.277e-05   0.0001325   0.0002246   1.933e-05  NOR2_X1
mult_156_U218                  7.289e-05   0.0001272   0.0002194   1.933e-05  NOR2_X1
mult_156_U221                  8.974e-05   0.0001118   0.0002193   1.773e-05  NOR2_X1
mult_156_U213                  8.979e-05    0.000109   0.0002165   1.773e-05  NOR2_X1
mult_148_U221                  8.982e-05   0.0001065   0.0002141   1.773e-05  NOR2_X1
mult_156_U182                  8.415e-05   0.0001117   0.0002133   1.742e-05  NOR2_X1
mult_148_U182                  8.418e-05     0.00011   0.0002116   1.742e-05  NOR2_X1
mult_148_U183                  8.311e-05   0.0001098   0.0002113   1.843e-05  NOR2_X1
mult_156_U183                  8.312e-05    0.000109   0.0002105   1.843e-05  NOR2_X1
mult_148_U163                  7.153e-05   0.0001088   0.0002096   2.926e-05  NAND2_X1
mult_156_U144                  5.853e-05   0.0001367   0.0002081   1.287e-05  INV_X1
mult_148_U232                  5.971e-05   0.0001128   0.0002035   3.096e-05  NAND2_X1
mult_156_U223                  5.977e-05   0.0001225   0.0002014   1.915e-05  NOR2_X1
mult_148_U189                  5.982e-05   0.0001205   0.0001994   1.915e-05  NOR2_X1
mult_148_U223                  5.982e-05   0.0001199   0.0001989   1.915e-05  NOR2_X1
mult_148_U206                  5.988e-05    0.000117    0.000196   1.915e-05  NOR2_X1
mult_156_U180                  6.344e-05   0.0001129   0.0001956   1.927e-05  NOR2_X1
mult_156_U197                   5.99e-05   0.0001161   0.0001952   1.915e-05  NOR2_X1
mult_148_U181                  7.786e-05   8.966e-05   0.0001932   2.571e-05  NOR4_X1
U89                            0.0001244   4.165e-05   0.0001922   2.611e-05  OAI22_X1
mult_156_U215                  8.359e-05   8.776e-05   0.0001898   1.843e-05  NOR2_X1
mult_148_U204                  6.355e-05   0.0001067   0.0001895   1.927e-05  NOR2_X1
U90                            0.0001242   3.529e-05   0.0001856   2.611e-05  OAI22_X1
mult_156_U35                   7.619e-05   4.684e-05   0.0001786   5.559e-05  FA_X1
U96                            0.0001062   4.549e-05   0.0001771   2.536e-05  OAI21_X1
mult_148_U231                  5.978e-05   8.861e-05    0.000176   2.762e-05  NAND2_X1
U102                           0.0001061   4.381e-05   0.0001753   2.536e-05  OAI21_X1
U94                            0.0001061   4.356e-05    0.000175   2.536e-05  OAI21_X1
U92                            0.0001061   4.311e-05   0.0001746   2.536e-05  OAI21_X1
U107                            4.44e-05   0.0001157   0.0001742   1.413e-05  INV_X1
mult_148_U145                  4.932e-05   0.0001104   0.0001726   1.296e-05  INV_X1
mult_148_U147                  4.625e-05   0.0001103   0.0001707   1.415e-05  INV_X1
mult_148_U207                  5.988e-05   9.094e-05   0.0001703   1.952e-05  NOR2_X1
mult_156_U148                  4.649e-05   0.0001082   0.0001689   1.415e-05  INV_X1
mult_148_U190                  5.993e-05   8.934e-05   0.0001688   1.952e-05  NOR2_X1
mult_148_U177                  8.814e-05   6.275e-05   0.0001679   1.698e-05  AOI222_X1
U104                           0.0001002   4.141e-05    0.000167   2.536e-05  OAI21_X1
mult_156_U198                  6.007e-05   8.521e-05   0.0001648   1.952e-05  NOR2_X1
mult_156_U145                   4.62e-05   0.0001039   0.0001647   1.455e-05  INV_X1
mult_148_U141                  4.648e-05   0.0001046   0.0001633   1.224e-05  INV_X1
U100                           9.437e-05   4.138e-05   0.0001611   2.536e-05  OAI21_X1
U95                            6.551e-05   6.353e-05   0.0001595   3.047e-05  NAND2_X1
U98                             9.43e-05   3.944e-05   0.0001591   2.536e-05  OAI21_X1
U103                           6.547e-05   6.139e-05   0.0001573   3.047e-05  NAND2_X1
U93                            6.546e-05   6.036e-05   0.0001563   3.047e-05  NAND2_X1
U97                            6.541e-05   5.925e-05   0.0001551   3.047e-05  NAND2_X1
U105                            6.18e-05   5.578e-05    0.000148   3.047e-05  NAND2_X1
U101                           5.826e-05   5.573e-05   0.0001445   3.047e-05  NAND2_X1
U99                            5.818e-05   5.228e-05   0.0001409   3.047e-05  NAND2_X1
mult_148_U233                  2.526e-05   5.999e-05   0.0001145   2.926e-05  NAND2_X1
mult_148_U164                  2.526e-05   5.507e-05   0.0001108   3.047e-05  NAND2_X1
mult_156_U216                  3.766e-05   5.105e-05   0.0001066   1.792e-05  NOR2_X1
mult_148_U184                   3.77e-05   4.856e-05   0.0001042   1.792e-05  NOR2_X1
mult_156_U184                   3.77e-05   4.835e-05    0.000104   1.792e-05  NOR2_X1
mult_148_U191                  3.772e-05   4.751e-05   0.0001031   1.792e-05  NOR2_X1
mult_156_U202                   2.75e-05   5.533e-05   0.0001023   1.946e-05  NOR2_X1
mult_156_U199                  3.775e-05   4.604e-05   0.0001017   1.792e-05  NOR2_X1
mult_156_U186                  2.753e-05   5.425e-05   0.0001012   1.946e-05  NOR2_X1
mult_148_U186                  2.756e-05   5.308e-05   0.0001001   1.946e-05  NOR2_X1
mult_148_U227                  2.757e-05   5.277e-05   9.981e-05   1.946e-05  NOR2_X1
mult_148_U208                   2.77e-05   5.239e-05   9.943e-05   1.933e-05  NOR2_X1
mult_156_U219                  2.764e-05    5.04e-05   9.751e-05   1.946e-05  NOR2_X1
mult_148_U224                   3.79e-05   4.026e-05   9.608e-05   1.792e-05  NOR2_X1
mult_156_U224                  3.792e-05   3.973e-05   9.556e-05   1.792e-05  NOR2_X1
mult_156_U227                  2.776e-05   4.621e-05   9.344e-05   1.946e-05  NOR2_X1
mult_148_U194                  2.803e-05   3.904e-05   8.654e-05   1.946e-05  NOR2_X1
mult_148_U211                  2.812e-05     3.7e-05   8.459e-05   1.946e-05  NOR2_X1
mult_148_U165                  3.172e-05    2.61e-05   8.186e-05   2.404e-05  AND2_X1
mult_156_U187                  1.951e-05   2.851e-05   6.644e-05   1.842e-05  NAND2_X1
mult_156_U220                  1.952e-05   2.845e-05   6.638e-05   1.842e-05  NAND2_X1
mult_148_U187                  1.955e-05   2.744e-05    6.54e-05   1.842e-05  NAND2_X1
mult_156_U203                  1.958e-05   2.643e-05   6.442e-05   1.842e-05  NAND2_X1
mult_148_U228                  1.962e-05   2.529e-05   6.333e-05   1.842e-05  NAND2_X1
mult_156_U228                  1.964e-05   2.489e-05   6.295e-05   1.842e-05  NAND2_X1
mult_148_U212                  1.978e-05   2.109e-05   5.928e-05   1.842e-05  NAND2_X1
mult_148_U195                  1.979e-05    2.08e-05   5.901e-05   1.842e-05  NAND2_X1
U133                           3.679e-06    2.13e-06   5.732e-05   5.151e-05  AOI22_X1
U82                            3.668e-06   2.019e-06    5.72e-05   5.151e-05  AOI22_X1
U86                            3.669e-06   2.017e-06   5.719e-05   5.151e-05  AOI22_X1
U115                           3.668e-06   2.009e-06   5.719e-05   5.151e-05  AOI22_X1
U80                            3.668e-06   1.996e-06   5.717e-05   5.151e-05  AOI22_X1
U119                           3.676e-06    1.98e-06   5.716e-05   5.151e-05  AOI22_X1
U123                           3.668e-06   1.983e-06   5.716e-05   5.151e-05  AOI22_X1
U113                           3.667e-06    1.97e-06   5.715e-05   5.151e-05  AOI22_X1
U111                           3.668e-06   1.965e-06   5.714e-05   5.151e-05  AOI22_X1
U88                            3.667e-06   1.943e-06   5.712e-05   5.151e-05  AOI22_X1
U129                           3.673e-06   1.927e-06   5.711e-05   5.151e-05  AOI22_X1
U76                            3.664e-06   1.868e-06   5.704e-05   5.151e-05  AOI22_X1
U121                           3.068e-06   2.055e-06   5.679e-05   5.167e-05  AOI22_X1
FE_DBTC8_VIN                   1.156e-06   3.573e-05   5.542e-05   1.854e-05  INV_X1
mult_166_U170                          0           0   3.514e-05   3.514e-05  NOR4_X1
mult_156_U181                          0           0   3.496e-05   3.496e-05  NOR4_X1
U125                                   0           0   2.827e-05   2.827e-05  AOI22_X1
U84                                    0           0   2.827e-05   2.827e-05  AOI22_X1
U78                                    0           0   2.827e-05   2.827e-05  AOI22_X1
U127                                   0           0   2.827e-05   2.827e-05  AOI22_X1
U74                                    0           0   2.827e-05   2.827e-05  AOI22_X1
U117                                   0           0   2.827e-05   2.827e-05  AOI22_X1
U109                                   0           0   2.827e-05   2.827e-05  AOI22_X1
U131                                   0           0   2.827e-05   2.827e-05  AOI22_X1
mult_166_U183                          0           0   2.683e-05   2.683e-05  NOR2_X1
mult_156_U189                          0           0   2.625e-05   2.625e-05  NOR2_X1
mult_148_U197                          0           0   2.625e-05   2.625e-05  NOR2_X1
mult_156_U206                          0           0   2.625e-05   2.625e-05  NOR2_X1
mult_166_U200                          0           0   2.624e-05   2.624e-05  NOR2_X1
mult_156_U188                          0           0   2.603e-05   2.603e-05  NOR2_X1
mult_148_U214                          0           0   2.603e-05   2.603e-05  NOR2_X1
mult_148_U196                          0           0   2.603e-05   2.603e-05  NOR2_X1
mult_148_U213                          0           0   2.592e-05   2.592e-05  NOR2_X1
mult_148_U216                          0           0   2.538e-05   2.538e-05  NOR2_X1
mult_156_U191                          0           0   2.538e-05   2.538e-05  NOR2_X1
mult_148_U199                          0           0   2.538e-05   2.538e-05  NOR2_X1
mult_148_U200                          0           0   2.533e-05   2.533e-05  NOR2_X1
mult_148_U217                          0           0   2.533e-05   2.533e-05  NOR2_X1
mult_156_U192                          0           0   2.533e-05   2.533e-05  NOR2_X1
mult_166_U185                          0           0   2.533e-05   2.533e-05  NOR2_X1
mult_166_U186                          0           0   2.533e-05   2.533e-05  NOR2_X1
mult_156_U205                          0           0   2.527e-05   2.527e-05  NOR2_X1
mult_166_U199                          0           0   2.526e-05   2.526e-05  NOR2_X1
mult_166_U182                          0           0   2.526e-05   2.526e-05  NOR2_X1
mult_148_U180                          0           0   2.514e-05   2.514e-05  NOR2_X1
mult_156_U204                          0           0   2.514e-05   2.514e-05  NOR2_X1
mult_166_U198                          0           0   2.513e-05   2.513e-05  NOR2_X1
mult_166_U162                          0           0   2.495e-05   2.495e-05  AND2_X1
mult_156_U165                          0           0    2.49e-05    2.49e-05  AND2_X1
mult_148_U218                          0           0   2.447e-05   2.447e-05  NOR2_X1
mult_156_U193                          0           0   2.447e-05   2.447e-05  NOR2_X1
mult_156_U210                          0           0   2.447e-05   2.447e-05  NOR2_X1
mult_156_U208                          0           0   2.447e-05   2.447e-05  NOR2_X1
mult_148_U201                          0           0   2.447e-05   2.447e-05  NOR2_X1
mult_156_U209                          0           0   2.442e-05   2.442e-05  NOR2_X1
mult_166_U202                          0           0   2.441e-05   2.441e-05  NOR2_X1
mult_166_U203                          0           0   2.441e-05   2.441e-05  NOR2_X1
mult_166_U204                          0           0   2.441e-05   2.441e-05  NOR2_X1
mult_166_U187                          0           0   2.441e-05   2.441e-05  NOR2_X1
mult_156_U150                  4.648e-07   5.044e-06   2.401e-05    1.85e-05  INV_X1
mult_148_U149                  4.651e-07    5.04e-06     2.4e-05    1.85e-05  INV_X1
mult_148_U215                          0           0   2.387e-05   2.387e-05  NOR2_X1
mult_166_U154                  4.645e-07    4.89e-06   2.385e-05    1.85e-05  INV_X1
mult_166_U184                          0           0   2.382e-05   2.382e-05  NOR2_X1
mult_148_U151                  4.645e-07    4.71e-06   2.367e-05    1.85e-05  INV_X1
mult_156_U152                  4.663e-07   4.282e-06   2.325e-05    1.85e-05  INV_X1
mult_156_U211                          0           0   2.317e-05   2.317e-05  NOR2_X1
mult_148_U219                          0           0   2.317e-05   2.317e-05  NOR2_X1
mult_156_U194                          0           0   2.317e-05   2.317e-05  NOR2_X1
mult_148_U202                          0           0   2.317e-05   2.317e-05  NOR2_X1
mult_166_U205                          0           0    2.31e-05    2.31e-05  NOR2_X1
mult_166_U188                          0           0    2.31e-05    2.31e-05  NOR2_X1
mult_166_U157                   4.66e-07   4.102e-06   2.307e-05    1.85e-05  INV_X1
mult_148_U153                  4.664e-07   4.092e-06   2.306e-05    1.85e-05  INV_X1
mult_156_U153                  4.658e-07   3.993e-06   2.296e-05    1.85e-05  INV_X1
mult_166_U158                  4.662e-07   3.992e-06   2.296e-05    1.85e-05  INV_X1
mult_166_U159                  4.662e-07   3.681e-06   2.265e-05    1.85e-05  INV_X1
mult_156_U207                          0           0   2.264e-05   2.264e-05  NOR2_X1
mult_148_U198                          0           0   2.264e-05   2.264e-05  NOR2_X1
mult_156_U190                          0           0   2.264e-05   2.264e-05  NOR2_X1
mult_166_U201                          0           0   2.258e-05   2.258e-05  NOR2_X1
mult_148_U155                  4.661e-07   3.598e-06   2.256e-05    1.85e-05  INV_X1
mult_156_U155                  4.661e-07    3.56e-06   2.253e-05    1.85e-05  INV_X1
mult_148_U179                          0           0   2.032e-05   2.032e-05  AOI222_X1
U116                                   0           0    1.86e-05    1.86e-05  INV_X1
U130                                   0           0    1.86e-05    1.86e-05  INV_X1
U108                                   0           0    1.86e-05    1.86e-05  INV_X1
U83                                    0           0    1.86e-05    1.86e-05  INV_X1
U77                                    0           0    1.86e-05    1.86e-05  INV_X1
U126                                   0           0    1.86e-05    1.86e-05  INV_X1
U73                                    0           0    1.86e-05    1.86e-05  INV_X1
U124                                   0           0    1.86e-05    1.86e-05  INV_X1
U114                           1.791e-06   1.672e-06   1.363e-05   1.017e-05  INV_X1
U112                           1.792e-06    1.48e-06   1.344e-05   1.017e-05  INV_X1
U81                            1.795e-06   1.434e-06   1.339e-05   1.017e-05  INV_X1
U118                           1.793e-06   1.416e-06   1.337e-05   1.017e-05  INV_X1
U87                            1.791e-06   1.382e-06   1.334e-05   1.017e-05  INV_X1
U122                           1.794e-06   1.378e-06   1.334e-05   1.017e-05  INV_X1
U120                           1.797e-06   1.355e-06   1.332e-05   1.017e-05  INV_X1
U75                            1.788e-06   1.351e-06    1.33e-05   1.017e-05  INV_X1
U132                           1.801e-06   1.332e-06    1.33e-05   1.017e-05  INV_X1
U85                            1.796e-06   1.335e-06    1.33e-05   1.017e-05  INV_X1
U110                           1.794e-06   1.323e-06   1.328e-05   1.017e-05  INV_X1
U79                            1.795e-06   1.309e-06   1.327e-05   1.017e-05  INV_X1
U128                           1.792e-06   1.312e-06   1.327e-05   1.017e-05  INV_X1
mult_166_U189                          0           0   1.286e-05   1.286e-05  NAND2_X1
mult_166_U206                          0           0   1.286e-05   1.286e-05  NAND2_X1
mult_148_U203                          0           0   1.275e-05   1.275e-05  NAND2_X1
mult_156_U195                          0           0   1.275e-05   1.275e-05  NAND2_X1
mult_148_U220                          0           0   1.275e-05   1.275e-05  NAND2_X1
mult_156_U212                          0           0   1.275e-05   1.275e-05  NAND2_X1
mult_166_U160                          0           0    1.18e-05    1.18e-05  NAND2_X1
mult_156_U138                          0           0    1.01e-05    1.01e-05  INV_X1
mult_156_U149                          0           0    1.01e-05    1.01e-05  INV_X1
mult_148_U152                          0           0    1.01e-05    1.01e-05  INV_X1
mult_166_U156                          0           0    1.01e-05    1.01e-05  INV_X1
mult_166_U155                          0           0    1.01e-05    1.01e-05  INV_X1
mult_166_U140                          0           0    1.01e-05    1.01e-05  INV_X1
mult_148_U150                          0           0    1.01e-05    1.01e-05  INV_X1
mult_156_U151                          0           0    1.01e-05    1.01e-05  INV_X1
mult_166_U226                          0           0   3.801e-06   3.801e-06  NAND2_X1
mult_156_U232                          0           0   3.798e-06   3.798e-06  NAND2_X1
mult_166_U161                          0           0   3.777e-06   3.777e-06  NAND2_X1
mult_156_U164                          0           0   3.774e-06   3.774e-06  NAND2_X1
mult_166_U228                          0           0   3.718e-06   3.718e-06  NAND2_X1
mult_166_U227                          0           0   3.718e-06   3.718e-06  NAND2_X1
mult_156_U234                          0           0   3.717e-06   3.717e-06  NAND2_X1
mult_156_U233                          0           0   3.715e-06   3.715e-06  NAND2_X1
mult_156_U163                          0           0   3.715e-06   3.715e-06  NAND2_X1
mult_166_U223                          0           0   3.685e-06   3.685e-06  NAND2_X1
mult_156_U229                          0           0   3.685e-06   3.685e-06  NAND2_X1
mult_166_U224                          0           0   3.679e-06   3.679e-06  NAND2_X1
mult_156_U230                          0           0   3.679e-06   3.679e-06  NAND2_X1
mult_166_U225                          0           0   3.635e-06   3.635e-06  NAND2_X1
mult_148_U168                          0           0   3.634e-06   3.634e-06  NAND2_X1
mult_156_U231                          0           0   3.634e-06   3.634e-06  NAND2_X1

---------------------------------------------------------------------------------------

Total (    548 of    548  )       0.4558       0.341      0.819     0.02222
Total Capacitance                3.112e-12 F
Power Density                   *** No Die Area ***
